[0.599s] Invoking command in '/home/pavel/ros2_ws/src/lesson_urdf/lesson_urdf-main': PYTHONPATH=/home/pavel/ros2_ws/build/lesson_urdf/prefix_override:/usr/lib/python3/dist-packages/colcon_core/task/python/colcon_distutils_commands:/home/pavel/ros2_ws/install/lesson_urdf/lib/python3.10/site-packages:${PYTHONPATH} /usr/bin/python3 -W ignore:setup.py install is deprecated -W ignore:easy_install command is deprecated setup.py egg_info --egg-base ../../../build/lesson_urdf build --build-base /home/pavel/ros2_ws/build/lesson_urdf/build install --record /home/pavel/ros2_ws/build/lesson_urdf/install.log --single-version-externally-managed install_data
[0.825s] running egg_info
[0.825s] writing ../../../build/lesson_urdf/lesson_urdf.egg-info/PKG-INFO
[0.825s] writing dependency_links to ../../../build/lesson_urdf/lesson_urdf.egg-info/dependency_links.txt
[0.825s] writing entry points to ../../../build/lesson_urdf/lesson_urdf.egg-info/entry_points.txt
[0.826s] writing requirements to ../../../build/lesson_urdf/lesson_urdf.egg-info/requires.txt
[0.826s] writing top-level names to ../../../build/lesson_urdf/lesson_urdf.egg-info/top_level.txt
[0.828s] reading manifest file '../../../build/lesson_urdf/lesson_urdf.egg-info/SOURCES.txt'
[0.828s] adding license file 'LICENSE'
[0.829s] writing manifest file '../../../build/lesson_urdf/lesson_urdf.egg-info/SOURCES.txt'
[0.829s] running build
[0.829s] running build_py
[0.829s] running install
[0.830s] running install_lib
[0.831s] running install_data
[0.831s] running install_egg_info
[0.833s] removing '/home/pavel/ros2_ws/install/lesson_urdf/lib/python3.10/site-packages/lesson_urdf-0.0.0-py3.10.egg-info' (and everything under it)
[0.833s] Copying ../../../build/lesson_urdf/lesson_urdf.egg-info to /home/pavel/ros2_ws/install/lesson_urdf/lib/python3.10/site-packages/lesson_urdf-0.0.0-py3.10.egg-info
[0.834s] running install_scripts
[0.852s] Installing joint_gui script to /home/pavel/ros2_ws/install/lesson_urdf/lib/lesson_urdf
[0.852s] Installing moveit_monitor_gui script to /home/pavel/ros2_ws/install/lesson_urdf/lib/lesson_urdf
[0.852s] writing list of installed files to '/home/pavel/ros2_ws/build/lesson_urdf/install.log'
[0.871s] Invoked command in '/home/pavel/ros2_ws/src/lesson_urdf/lesson_urdf-main' returned '0': PYTHONPATH=/home/pavel/ros2_ws/build/lesson_urdf/prefix_override:/usr/lib/python3/dist-packages/colcon_core/task/python/colcon_distutils_commands:/home/pavel/ros2_ws/install/lesson_urdf/lib/python3.10/site-packages:${PYTHONPATH} /usr/bin/python3 -W ignore:setup.py install is deprecated -W ignore:easy_install command is deprecated setup.py egg_info --egg-base ../../../build/lesson_urdf build --build-base /home/pavel/ros2_ws/build/lesson_urdf/build install --record /home/pavel/ros2_ws/build/lesson_urdf/install.log --single-version-externally-managed install_data
