/home/pavel/ros2_ws/install/lesson_urdf/lib/python3.10/site-packages/lesson_urdf/joint_gui.py
/home/pavel/ros2_ws/install/lesson_urdf/lib/python3.10/site-packages/lesson_urdf/__init__.py
/home/pavel/ros2_ws/install/lesson_urdf/lib/python3.10/site-packages/lesson_urdf/moveit_monitor_gui.py
/home/pavel/ros2_ws/install/lesson_urdf/lib/python3.10/site-packages/lesson_urdf/__pycache__/joint_gui.cpython-310.pyc
/home/pavel/ros2_ws/install/lesson_urdf/lib/python3.10/site-packages/lesson_urdf/__pycache__/__init__.cpython-310.pyc
/home/pavel/ros2_ws/install/lesson_urdf/lib/python3.10/site-packages/lesson_urdf/__pycache__/moveit_monitor_gui.cpython-310.pyc
/home/pavel/ros2_ws/install/lesson_urdf/share/ament_index/resource_index/packages/lesson_urdf
/home/pavel/ros2_ws/install/lesson_urdf/share/lesson_urdf/package.xml
/home/pavel/ros2_ws/install/lesson_urdf/share/lesson_urdf/launch/moveit_with_monitor.launch.py
/home/pavel/ros2_ws/install/lesson_urdf/share/lesson_urdf/launch/gazebo_leg.launch.py
/home/pavel/ros2_ws/install/lesson_urdf/share/lesson_urdf/launch/preview_custom_gui.launch.py
/home/pavel/ros2_ws/install/lesson_urdf/share/lesson_urdf/urdf/legrobot.urdf
/home/pavel/ros2_ws/install/lesson_urdf/share/lesson_urdf/urdf/planar_3dof.urdf.xacro
/home/pavel/ros2_ws/install/lesson_urdf/share/lesson_urdf/rviz/view.rviz
/home/pavel/ros2_ws/install/lesson_urdf/share/lesson_urdf/config/controllers.yaml
/home/pavel/ros2_ws/install/lesson_urdf/share/lesson_urdf/meshes/Link_r_left.STL
/home/pavel/ros2_ws/install/lesson_urdf/share/lesson_urdf/meshes/base_link.STL
/home/pavel/ros2_ws/install/lesson_urdf/share/lesson_urdf/meshes/Link_p_right.STL
/home/pavel/ros2_ws/install/lesson_urdf/share/lesson_urdf/meshes/Link_c_right.STL
/home/pavel/ros2_ws/install/lesson_urdf/share/lesson_urdf/meshes/Link_r_right.STL
/home/pavel/ros2_ws/install/lesson_urdf/share/lesson_urdf/meshes/Link_p_left.STL
/home/pavel/ros2_ws/install/lesson_urdf/share/lesson_urdf/meshes/Link_c_left.STL
/home/pavel/ros2_ws/install/lesson_urdf/lib/python3.10/site-packages/lesson_urdf-0.0.0-py3.10.egg-info/requires.txt
/home/pavel/ros2_ws/install/lesson_urdf/lib/python3.10/site-packages/lesson_urdf-0.0.0-py3.10.egg-info/top_level.txt
/home/pavel/ros2_ws/install/lesson_urdf/lib/python3.10/site-packages/lesson_urdf-0.0.0-py3.10.egg-info/dependency_links.txt
/home/pavel/ros2_ws/install/lesson_urdf/lib/python3.10/site-packages/lesson_urdf-0.0.0-py3.10.egg-info/entry_points.txt
/home/pavel/ros2_ws/install/lesson_urdf/lib/python3.10/site-packages/lesson_urdf-0.0.0-py3.10.egg-info/PKG-INFO
/home/pavel/ros2_ws/install/lesson_urdf/lib/python3.10/site-packages/lesson_urdf-0.0.0-py3.10.egg-info/zip-safe
/home/pavel/ros2_ws/install/lesson_urdf/lib/python3.10/site-packages/lesson_urdf-0.0.0-py3.10.egg-info/SOURCES.txt
/home/pavel/ros2_ws/install/lesson_urdf/lib/lesson_urdf/joint_gui
/home/pavel/ros2_ws/install/lesson_urdf/lib/lesson_urdf/moveit_monitor_gui
