[0.851s] Invoking command in '/home/pavel/ros2_ws/src/lesson_urdf/lesson_urdf-main': PYTHONPATH=/home/pavel/ros2_ws/build/lesson_urdf/prefix_override:/usr/lib/python3/dist-packages/colcon_core/task/python/colcon_distutils_commands:/home/pavel/ros2_ws/install/lesson_urdf/lib/python3.10/site-packages:${PYTHONPATH} /usr/bin/python3 -W ignore:setup.py install is deprecated -W ignore:easy_install command is deprecated setup.py egg_info --egg-base ../../../build/lesson_urdf build --build-base /home/pavel/ros2_ws/build/lesson_urdf/build install --record /home/pavel/ros2_ws/build/lesson_urdf/install.log --single-version-externally-managed install_data
[1.078s] running egg_info
[1.079s] writing ../../../build/lesson_urdf/lesson_urdf.egg-info/PKG-INFO
[1.079s] writing dependency_links to ../../../build/lesson_urdf/lesson_urdf.egg-info/dependency_links.txt
[1.079s] writing entry points to ../../../build/lesson_urdf/lesson_urdf.egg-info/entry_points.txt
[1.079s] writing requirements to ../../../build/lesson_urdf/lesson_urdf.egg-info/requires.txt
[1.080s] writing top-level names to ../../../build/lesson_urdf/lesson_urdf.egg-info/top_level.txt
[1.082s] reading manifest file '../../../build/lesson_urdf/lesson_urdf.egg-info/SOURCES.txt'
[1.082s] adding license file 'LICENSE'
[1.084s] writing manifest file '../../../build/lesson_urdf/lesson_urdf.egg-info/SOURCES.txt'
[1.084s] running build
[1.084s] running build_py
[1.084s] running install
[1.085s] running install_lib
[1.086s] running install_data
[1.086s] copying launch/gazebo_leg.launch.py -> /home/pavel/ros2_ws/install/lesson_urdf/share/lesson_urdf/launch
[1.087s] copying config/controllers.yaml -> /home/pavel/ros2_ws/install/lesson_urdf/share/lesson_urdf/config
[1.087s] running install_egg_info
[1.090s] removing '/home/pavel/ros2_ws/install/lesson_urdf/lib/python3.10/site-packages/lesson_urdf-0.0.0-py3.10.egg-info' (and everything under it)
[1.090s] Copying ../../../build/lesson_urdf/lesson_urdf.egg-info to /home/pavel/ros2_ws/install/lesson_urdf/lib/python3.10/site-packages/lesson_urdf-0.0.0-py3.10.egg-info
[1.091s] running install_scripts
[1.112s] Installing joint_gui script to /home/pavel/ros2_ws/install/lesson_urdf/lib/lesson_urdf
[1.112s] Installing moveit_monitor_gui script to /home/pavel/ros2_ws/install/lesson_urdf/lib/lesson_urdf
[1.113s] writing list of installed files to '/home/pavel/ros2_ws/build/lesson_urdf/install.log'
[1.139s] Invoked command in '/home/pavel/ros2_ws/src/lesson_urdf/lesson_urdf-main' returned '0': PYTHONPATH=/home/pavel/ros2_ws/build/lesson_urdf/prefix_override:/usr/lib/python3/dist-packages/colcon_core/task/python/colcon_distutils_commands:/home/pavel/ros2_ws/install/lesson_urdf/lib/python3.10/site-packages:${PYTHONPATH} /usr/bin/python3 -W ignore:setup.py install is deprecated -W ignore:easy_install command is deprecated setup.py egg_info --egg-base ../../../build/lesson_urdf build --build-base /home/pavel/ros2_ws/build/lesson_urdf/build install --record /home/pavel/ros2_ws/build/lesson_urdf/install.log --single-version-externally-managed install_data
