running egg_info
writing ../../../build/lesson_urdf/lesson_urdf.egg-info/PKG-INFO
writing dependency_links to ../../../build/lesson_urdf/lesson_urdf.egg-info/dependency_links.txt
writing entry points to ../../../build/lesson_urdf/lesson_urdf.egg-info/entry_points.txt
writing requirements to ../../../build/lesson_urdf/lesson_urdf.egg-info/requires.txt
writing top-level names to ../../../build/lesson_urdf/lesson_urdf.egg-info/top_level.txt
reading manifest file '../../../build/lesson_urdf/lesson_urdf.egg-info/SOURCES.txt'
adding license file 'LICENSE'
writing manifest file '../../../build/lesson_urdf/lesson_urdf.egg-info/SOURCES.txt'
running build
running build_py
running install
running install_lib
running install_data
copying urdf/legrobot.urdf -> /home/pavel/ros2_ws/install/lesson_urdf/share/lesson_urdf/urdf
copying urdf/planar_3dof.urdf.xacro -> /home/pavel/ros2_ws/install/lesson_urdf/share/lesson_urdf/urdf
running install_egg_info
removing '/home/pavel/ros2_ws/install/lesson_urdf/lib/python3.10/site-packages/lesson_urdf-0.0.0-py3.10.egg-info' (and everything under it)
Copying ../../../build/lesson_urdf/lesson_urdf.egg-info to /home/pavel/ros2_ws/install/lesson_urdf/lib/python3.10/site-packages/lesson_urdf-0.0.0-py3.10.egg-info
running install_scripts
Installing joint_gui script to /home/pavel/ros2_ws/install/lesson_urdf/lib/lesson_urdf
Installing moveit_monitor_gui script to /home/pavel/ros2_ws/install/lesson_urdf/lib/lesson_urdf
writing list of installed files to '/home/pavel/ros2_ws/build/lesson_urdf/install.log'
