[0.828s] Invoking command in '/home/pavel/ros2_ws/src/lesson_urdf/lesson_urdf-main': PYTHONPATH=/home/pavel/ros2_ws/build/lesson_urdf/prefix_override:/usr/lib/python3/dist-packages/colcon_core/task/python/colcon_distutils_commands:/home/pavel/ros2_ws/install/lesson_urdf/lib/python3.10/site-packages:${PYTHONPATH} /usr/bin/python3 -W ignore:setup.py install is deprecated -W ignore:easy_install command is deprecated setup.py egg_info --egg-base ../../../build/lesson_urdf build --build-base /home/pavel/ros2_ws/build/lesson_urdf/build install --record /home/pavel/ros2_ws/build/lesson_urdf/install.log --single-version-externally-managed install_data
[1.060s] running egg_info
[1.060s] writing ../../../build/lesson_urdf/lesson_urdf.egg-info/PKG-INFO
[1.061s] writing dependency_links to ../../../build/lesson_urdf/lesson_urdf.egg-info/dependency_links.txt
[1.061s] writing entry points to ../../../build/lesson_urdf/lesson_urdf.egg-info/entry_points.txt
[1.061s] writing requirements to ../../../build/lesson_urdf/lesson_urdf.egg-info/requires.txt
[1.061s] writing top-level names to ../../../build/lesson_urdf/lesson_urdf.egg-info/top_level.txt
[1.063s] reading manifest file '../../../build/lesson_urdf/lesson_urdf.egg-info/SOURCES.txt'
[1.063s] adding license file 'LICENSE'
[1.064s] writing manifest file '../../../build/lesson_urdf/lesson_urdf.egg-info/SOURCES.txt'
[1.064s] running build
[1.064s] running build_py
[1.065s] running install
[1.065s] running install_lib
[1.066s] running install_data
[1.066s] copying launch/gazebo_leg.launch.py -> /home/pavel/ros2_ws/install/lesson_urdf/share/lesson_urdf/launch
[1.067s] running install_egg_info
[1.068s] removing '/home/pavel/ros2_ws/install/lesson_urdf/lib/python3.10/site-packages/lesson_urdf-0.0.0-py3.10.egg-info' (and everything under it)
[1.069s] Copying ../../../build/lesson_urdf/lesson_urdf.egg-info to /home/pavel/ros2_ws/install/lesson_urdf/lib/python3.10/site-packages/lesson_urdf-0.0.0-py3.10.egg-info
[1.070s] running install_scripts
[1.088s] Installing joint_gui script to /home/pavel/ros2_ws/install/lesson_urdf/lib/lesson_urdf
[1.088s] Installing moveit_monitor_gui script to /home/pavel/ros2_ws/install/lesson_urdf/lib/lesson_urdf
[1.089s] writing list of installed files to '/home/pavel/ros2_ws/build/lesson_urdf/install.log'
[1.113s] Invoked command in '/home/pavel/ros2_ws/src/lesson_urdf/lesson_urdf-main' returned '0': PYTHONPATH=/home/pavel/ros2_ws/build/lesson_urdf/prefix_override:/usr/lib/python3/dist-packages/colcon_core/task/python/colcon_distutils_commands:/home/pavel/ros2_ws/install/lesson_urdf/lib/python3.10/site-packages:${PYTHONPATH} /usr/bin/python3 -W ignore:setup.py install is deprecated -W ignore:easy_install command is deprecated setup.py egg_info --egg-base ../../../build/lesson_urdf build --build-base /home/pavel/ros2_ws/build/lesson_urdf/build install --record /home/pavel/ros2_ws/build/lesson_urdf/install.log --single-version-externally-managed install_data
